<?xml version="1.0" encoding="UTF-8"?>
<!-- Generated by org.testng.reporters.JUnitXMLReporter -->
<testsuite ignored="0" hostname="Ashus" failures="0" tests="3" name="Default test" time="2.346" errors="0" timestamp="2022-11-21T22:35:12 IST">
  <testcase classname="ParameterizeAPITestsMultipleDataSetsSection7" name="AddBook" time="1.88"/>
  <testcase classname="ParameterizeAPITestsMultipleDataSetsSection7" name="AddBook" time="0.216"/>
  <testcase classname="ParameterizeAPITestsMultipleDataSetsSection7" name="AddBook" time="0.213"/>
</testsuite> <!-- Default test -->
